-------------------------------------------------------------------------------
Test set: br.com.nhac.backend_nhac.domain.lojista.LojistaEndpointsIT
-------------------------------------------------------------------------------
Tests run: 3, Failures: 1, Errors: 0, Skipped: 0, Time elapsed: 37.29 s <<< FAILURE! -- in br.com.nhac.backend_nhac.domain.lojista.LojistaEndpointsIT
br.com.nhac.backend_nhac.domain.lojista.LojistaEndpointsIT.deveIsolarDadosEntreLojistasDiferentes -- Time elapsed: 4.574 s <<< FAILURE!
org.opentest4j.AssertionFailedError: Lojista A deve ver apenas 1 produto ==> expected: <1> but was: <0>
	at org.junit.jupiter.api.AssertionFailureBuilder.build(AssertionFailureBuilder.java:158)
	at org.junit.jupiter.api.AssertionFailureBuilder.buildAndThrow(AssertionFailureBuilder.java:139)
	at org.junit.jupiter.api.AssertEquals.failNotEqual(AssertEquals.java:201)
	at org.junit.jupiter.api.AssertEquals.assertEquals(AssertEquals.java:152)
	at org.junit.jupiter.api.Assertions.assertEquals(Assertions.java:590)
	at br.com.nhac.backend_nhac.domain.lojista.LojistaEndpointsIT.deveIsolarDadosEntreLojistasDiferentes(LojistaEndpointsIT.java:186)

