-------------------------------------------------------------------------------
Test set: br.com.nhac.backend_nhac.domain.lojista.PainelFinanceiroEndpointsIT
-------------------------------------------------------------------------------
Tests run: 4, Failures: 3, Errors: 0, Skipped: 0, Time elapsed: 37.50 s <<< FAILURE! -- in br.com.nhac.backend_nhac.domain.lojista.PainelFinanceiroEndpointsIT
br.com.nhac.backend_nhac.domain.lojista.PainelFinanceiroEndpointsIT.deveRetornarFinanceiroComDadosConsistentes -- Time elapsed: 2.441 s <<< FAILURE!
java.lang.AssertionError: Status expected:<200> but was:<500>
	at org.springframework.test.util.AssertionErrors.fail(AssertionErrors.java:62)
	at org.springframework.test.util.AssertionErrors.assertEquals(AssertionErrors.java:129)
	at org.springframework.test.web.servlet.result.StatusResultMatchers.lambda$matcher$0(StatusResultMatchers.java:600)
	at org.springframework.test.web.servlet.MockMvc$1.andExpect(MockMvc.java:212)
	at br.com.nhac.backend_nhac.domain.lojista.PainelFinanceiroEndpointsIT.deveRetornarFinanceiroComDadosConsistentes(PainelFinanceiroEndpointsIT.java:156)

br.com.nhac.backend_nhac.domain.lojista.PainelFinanceiroEndpointsIT.deveRetornarDadosVaziosQuandoNaoHouverPedidos -- Time elapsed: 0.032 s <<< FAILURE!
java.lang.AssertionError: Status expected:<200> but was:<500>
	at org.springframework.test.util.AssertionErrors.fail(AssertionErrors.java:62)
	at org.springframework.test.util.AssertionErrors.assertEquals(AssertionErrors.java:129)
	at org.springframework.test.web.servlet.result.StatusResultMatchers.lambda$matcher$0(StatusResultMatchers.java:600)
	at org.springframework.test.web.servlet.MockMvc$1.andExpect(MockMvc.java:212)
	at br.com.nhac.backend_nhac.domain.lojista.PainelFinanceiroEndpointsIT.deveRetornarDadosVaziosQuandoNaoHouverPedidos(PainelFinanceiroEndpointsIT.java:194)

br.com.nhac.backend_nhac.domain.lojista.PainelFinanceiroEndpointsIT.deveRetornarPainelComDadosConsistentes -- Time elapsed: 0.098 s <<< FAILURE!
java.lang.AssertionError: Status expected:<200> but was:<500>
	at org.springframework.test.util.AssertionErrors.fail(AssertionErrors.java:62)
	at org.springframework.test.util.AssertionErrors.assertEquals(AssertionErrors.java:129)
	at org.springframework.test.web.servlet.result.StatusResultMatchers.lambda$matcher$0(StatusResultMatchers.java:600)
	at org.springframework.test.web.servlet.MockMvc$1.andExpect(MockMvc.java:212)
	at br.com.nhac.backend_nhac.domain.lojista.PainelFinanceiroEndpointsIT.deveRetornarPainelComDadosConsistentes(PainelFinanceiroEndpointsIT.java:107)

