<?xml version="1.0" encoding="UTF-8"?>
<testsuite xmlns:xsi="http://www.w3.org/2001/XMLSchema-instance" xsi:noNamespaceSchemaLocation="https://maven.apache.org/surefire/maven-surefire-plugin/xsd/surefire-test-report.xsd" version="3.0.2" name="br.com.nhac.backend_nhac.domain.auth.VerificacaoEmailServiceTest" time="25.49" tests="2" errors="0" skipped="0" failures="0" flakes="0">
  <properties>
[...]
</properties>
  <testcase name="testEnviarCodigoResetSemErroTransacao" classname="br.com.nhac.backend_nhac.domain.auth.VerificacaoEmailServiceTest" time="0.94">
    <system-out><![CDATA[2026-09-12T00:48:20.840Z  INFO 21501 --- [backend_nhac] [           main] t.c.s.AnnotationConfigContextLoaderUtils : Could not detect default configuration classes for test class [br.com.nhac.backend_nhac.domain.auth.VerificacaoEmailServiceTest]: VerificacaoEmailServiceTest does not declare any static, non-private, non-final, nested classes annotated with @Configuration.
2026-09-12T00:48:20.929Z  INFO 21501 --- [backend_nhac] [           main] .b.t.c.SpringBootTestContextBootstrapper : Found @SpringBootConfiguration br.com.nhac.backend_nhac.BackendNhacApplication for test class br.com.nhac.backend_nhac.domain.auth.VerificacaoEmailServiceTest
2026-09-12T00:48:20.934Z  INFO 21501 --- [backend_nhac] [           main] t.c.s.AnnotationConfigContextLoaderUtils : Could not detect default configuration classes for test class [br.com.nhac.backend_nhac.domain.auth.VerificacaoEmailServiceTest]: VerificacaoEmailServiceTest does not declare any static, non-private, non-final, nested classes annotated with @Configuration.
2026-09-12T00:48:20.936Z  INFO 21501 --- [backend_nhac] [           main] .b.t.c.SpringBootTestContextBootstrapper : Found @SpringBootConfiguration br.com.nhac.backend_nhac.BackendNhacApplication for test class br.com.nhac.backend_nhac.domain.auth.VerificacaoEmailServiceTest
2026-09-12T00:48:20.946Z  INFO 21501 --- [backend_nhac] [           main] o.s.b.d.r.RestartApplicationListener     : Restart disabled due to context in which it is running

  .   ____          _            __ _ _
 /\\ / ___'_ __ _ _(_)_ __  __ _ \ \ \ \
( ( )\___ | '_ | '_| | '_ \/ _` | \ \ \ \
 \\/  ___)| |_)| | | | | || (_| |  ) ) ) )
  '  |____| .__|_| |_|_| |_\__, | / / / /
 =========|_|==============|___/=/_/_/_/

 :: Spring Boot ::                (v4.1.0)

2026-09-12T00:48:21.048Z  WARN 21501 --- [backend_nhac] [           main] ory$DuplicateJsonObjectContextCustomizer : 

Found multiple occurrences of org.json.JSONObject on the class path:

	jar:file:/root/.m2/repository/org/json/json/20240303/json-20240303.jar!/org/json/JSONObject.class
	jar:file:/root/.m2/repository/com/vaadin/external/google/android-json/0.0.20131108.vaadin1/android-json-0.0.20131108.vaadin1.jar!/org/json/JSONObject.class

You may wish to exclude one of them to ensure predictable runtime behavior

2026-09-12T00:48:21.100Z  INFO 21501 --- [backend_nhac] [           main] b.c.n.b.d.a.VerificacaoEmailServiceTest  : Starting VerificacaoEmailServiceTest using Java 17.0.20 with PID 21501 (started by root in /workspace)
2026-09-12T00:48:21.101Z  INFO 21501 --- [backend_nhac] [           main] b.c.n.b.d.a.VerificacaoEmailServiceTest  : The following 1 profile is active: "test"
2026-09-12T00:48:22.923Z  INFO 21501 --- [backend_nhac] [           main] .s.d.r.c.RepositoryConfigurationDelegate : Bootstrapping Spring Data JPA repositories in DEFAULT mode.
2026-09-12T00:48:23.114Z  INFO 21501 --- [backend_nhac] [           main] .s.d.r.c.RepositoryConfigurationDelegate : Finished Spring Data repository scanning in 174 ms. Found 9 JPA repository interfaces.
2026-09-12T00:48:24.749Z  INFO 21501 --- [backend_nhac] [           main] org.hibernate.orm.jpa                    : HHH008540: Processing PersistenceUnitInfo [name: default]
2026-09-12T00:48:25.026Z  INFO 21501 --- [backend_nhac] [           main] org.hibernate.orm.core                   : HHH000001: Hibernate ORM core version 7.4.1.Final
2026-09-12T00:48:26.503Z  INFO 21501 --- [backend_nhac] [           main] o.s.o.j.p.SpringPersistenceUnitInfo      : No LoadTimeWeaver setup: ignoring JPA class transformer
2026-09-12T00:48:26.627Z  INFO 21501 --- [backend_nhac] [           main] com.zaxxer.hikari.HikariDataSource       : HikariPool-1 - Starting...
2026-09-12T00:48:27.930Z  INFO 21501 --- [backend_nhac] [           main] com.zaxxer.hikari.pool.HikariPool        : HikariPool-1 - Added connection conn0: url=jdbc:h2:mem:testdb user=SA
2026-09-12T00:48:27.934Z  INFO 21501 --- [backend_nhac] [           main] com.zaxxer.hikari.HikariDataSource       : HikariPool-1 - Start completed.
2026-09-12T00:48:28.042Z  WARN 21501 --- [backend_nhac] [           main] org.hibernate.orm.deprecation            : HHH90000025: H2Dialect does not need to be specified explicitly using 'hibernate.dialect' (remove the property setting and it will be selected by default)
2026-09-12T00:48:28.210Z  INFO 21501 --- [backend_nhac] [           main] org.hibernate.orm.connections.pooling    : HHH10001005: Database info:
	Database JDBC URL [jdbc:h2:mem:testdb]
	Database driver: H2 JDBC Driver
	Database dialect: H2Dialect
	Database version: 2.4.240
	Default catalog/schema: TESTDB/PUBLIC
	Autocommit mode: undefined/unknown
	Isolation level: READ_COMMITTED [default READ_COMMITTED]
	JDBC fetch size: 100
	Pool: DataSourceConnectionProvider
	Minimum pool size: undefined/unknown
	Maximum pool size: undefined/unknown
2026-09-12T00:48:33.112Z  INFO 21501 --- [backend_nhac] [           main] org.hibernate.orm.core                   : HHH000489: No JTA platform available (set 'hibernate.transaction.jta.platform' to enable JTA platform integration)
Hibernate: drop table if exists tb_avaliacoes cascade 
Hibernate: drop table if exists tb_codigos_verificacao cascade 
Hibernate: drop table if exists tb_codigos_verificacao_email cascade 
Hibernate: drop table if exists tb_enderecos_usuario cascade 
Hibernate: drop table if exists tb_favoritos cascade 
Hibernate: drop table if exists tb_grupo_adicional cascade 
Hibernate: drop table if exists tb_item_adicional cascade 
Hibernate: drop table if exists tb_itens_pedido cascade 
Hibernate: drop table if exists tb_lojas cascade 
Hibernate: drop table if exists tb_pedidos cascade 
Hibernate: drop table if exists tb_produtos cascade 
Hibernate: drop table if exists tb_usuarios cascade 
Hibernate: create table tb_avaliacoes (nota integer not null, criado_em timestamp(6) not null, loja_id varchar(50) not null, pedido_id varchar(50) not null unique, usuario_id varchar(50) not null, comentario varchar(500), id varchar(255) not null, primary key (id))
Hibernate: create table tb_codigos_verificacao (tentativas integer not null, utilizado boolean not null, codigo varchar(6) not null, criado_em timestamp(6), data_expiracao timestamp(6) not null, id bigint generated by default as identity, telefone varchar(20) not null, primary key (id))
Hibernate: create table tb_codigos_verificacao_email (tentativas integer not null, utilizado boolean not null, codigo varchar(6) not null, criado_em timestamp(6), data_expiracao timestamp(6) not null, id bigint generated by default as identity, email varchar(100) not null, tipo enum ('CADASTRO','RESET_SENHA') not null, primary key (id))
Hibernate: create table tb_enderecos_usuario (estado varchar(2) not null, is_padrao boolean not null, cep varchar(9) not null, numero varchar(20) not null, id varchar(50) not null, usuario_id varchar(50) not null, bairro varchar(100) not null, cidade varchar(100) not null, complemento varchar(150), rua varchar(150) not null, primary key (id))
Hibernate: create table tb_favoritos (criado_em timestamp(6) with time zone, id varchar(50) not null, loja_id varchar(50) not null, usuario_id varchar(50) not null, primary key (id))
Hibernate: create table tb_grupo_adicional (maximo integer, minimo integer, obrigatorio boolean not null, id varchar(50) not null, produto_id varchar(50) not null, nome varchar(100) not null, primary key (id))
Hibernate: create table tb_item_adicional (preco numeric(10,2) not null, grupo_adicional_id varchar(50) not null, id varchar(50) not null, nome varchar(100) not null, primary key (id))
Hibernate: create table tb_itens_pedido (preco_historico numeric(10,2) not null, quantidade integer not null, id varchar(50) not null, pedido_id varchar(50) not null, produto_id varchar(50) not null, imagem_url_historica TEXT, nome_historico varchar(255) not null, primary key (id))
Hibernate: create table tb_lojas (aceita_credito boolean not null, aceita_debito boolean not null, aceita_dinheiro boolean not null, aceita_pix boolean not null, aceita_vale_alimentacao boolean not null, aceita_vale_refeicao boolean not null, avaliacao_media float(24), end_estado varchar(2), entrega_propria boolean not null, geo_lat float(53), geo_lng float(53), is_aberto boolean not null, raio_entrega_km numeric(6,2), retirada_no_local boolean not null, taxa_entrega_base numeric(38,2), tempo_entrega_max integer, tempo_entrega_min integer, total_avaliacoes integer, end_cep varchar(20), end_numero varchar(20), horario_domingo varchar(20), horario_quarta varchar(20), horario_quinta varchar(20), horario_sabado varchar(20), horario_segunda varchar(20), horario_sexta varchar(20), horario_terca varchar(20), id varchar(50) not null, usuario_id varchar(50), end_bairro varchar(100) not null, end_cidade varchar(100), end_complemento varchar(100), end_rua varchar(150), categoria varchar(255), descricao TEXT, geo_geohash varchar(255), imagem_url TEXT, nome varchar(255), primary key (id))
Hibernate: create table tb_pedidos (entrega_estado varchar(2), taxa_frete numeric(10,2) not null, troco_para numeric(10,2), valor_total numeric(10,2) not null, criado_em timestamp(6) with time zone, entrega_cep varchar(20), id varchar(50) not null, loja_id varchar(50) not null, idempotency_key varchar(100) unique, asaas_payment_id varchar(255), cupom_id varchar(255), entrega_bairro varchar(255), entrega_cidade varchar(255), entrega_complemento varchar(255), entrega_numero varchar(255), entrega_rua varchar(255), forma_pagamento varchar(255) not null, observacao TEXT, stripe_payment_intent_id varchar(255), usuario_id varchar(255) not null, status enum ('CANCELADO','ENTREGUE','PAGO','PENDENTE','PREPARANDO','SAIU_ENTREGA') not null, primary key (id))
Hibernate: create table tb_produtos (estoque integer, is_ativo boolean not null, percentual_desconto integer, preco numeric(10,2) not null, criado_em timestamp(6) with time zone, peso varchar(20), categoria_menu varchar(50) not null, id varchar(50) not null, loja_id varchar(50) not null, nome varchar(100) not null, descricao TEXT, imagem_url TEXT, primary key (id))
Hibernate: create table tb_usuarios (ativo boolean not null, email_verificado boolean not null, telefone_verificado boolean not null, telefone varchar(20) not null, cargo varchar(50), id varchar(50) not null, loja_vinculada_id varchar(50), email varchar(100), nome varchar(100) not null, fcm_token varchar(255), imagem_url TEXT, senha varchar(255), papel enum ('ADMIN','CLIENTE','FUNCIONARIO','LOJISTA') not null, primary key (id))
Hibernate: alter table if exists tb_avaliacoes add constraint FK3wg3w7il7l9235fghhjujqr8v foreign key (loja_id) references tb_lojas
Hibernate: alter table if exists tb_avaliacoes add constraint FKchdykd40nqtu66hfvtqeygety foreign key (pedido_id) references tb_pedidos
Hibernate: alter table if exists tb_avaliacoes add constraint FKifr5vc6kox0ep638udx9cdxca foreign key (usuario_id) references tb_usuarios
Hibernate: alter table if exists tb_enderecos_usuario add constraint FKfmwrkn9tr6rqy9b0nrtgvv9gd foreign key (usuario_id) references tb_usuarios
Hibernate: alter table if exists tb_favoritos add constraint FKbjmhw3autxx5qngjdrra4hrsi foreign key (loja_id) references tb_lojas
Hibernate: alter table if exists tb_favoritos add constraint FK4h432e84pg5a7bl0v753m67el foreign key (usuario_id) references tb_usuarios
Hibernate: alter table if exists tb_grupo_adicional add constraint FKekv5a6vkexky0310mlbi1t0t foreign key (produto_id) references tb_produtos
Hibernate: alter table if exists tb_item_adicional add constraint FKpwp5xbrq9swqe6gfuawi5drjn foreign key (grupo_adicional_id) references tb_grupo_adicional
Hibernate: alter table if exists tb_itens_pedido add constraint FKdqkkjcfqdqxol0rvnig9fr16q foreign key (pedido_id) references tb_pedidos
Hibernate: alter table if exists tb_itens_pedido add constraint FK9m7ama7j7i6te64jgr5ldpcro foreign key (produto_id) references tb_produtos
Hibernate: alter table if exists tb_pedidos add constraint FKgg8qeu0886kglgux35taswqlg foreign key (loja_id) references tb_lojas
Hibernate: alter table if exists tb_produtos add constraint FKlanlxhbly9lm7ddlo5snr2w35 foreign key (loja_id) references tb_lojas
Hibernate: alter table if exists tb_usuarios add constraint FKkfi0m6s0ihsqaxs1dk1t3ro1p foreign key (loja_vinculada_id) references tb_lojas
2026-09-12T00:48:33.511Z  INFO 21501 --- [backend_nhac] [           main] j.LocalContainerEntityManagerFactoryBean : Initialized JPA EntityManagerFactory for persistence unit 'default'
2026-09-12T00:48:33.900Z  INFO 21501 --- [backend_nhac] [           main] o.s.d.j.r.query.QueryEnhancerFactories   : Hibernate is in classpath; If applicable, HQL parser will be used.
2026-09-12T00:48:43.136Z  WARN 21501 --- [backend_nhac] [           main] JpaBaseConfiguration$JpaWebConfiguration : spring.jpa.open-in-view is enabled by default. Therefore, database queries may be performed during view rendering. Explicitly configure spring.jpa.open-in-view to disable this warning
2026-09-12T00:48:45.043Z  INFO 21501 --- [backend_nhac] [           main] b.c.n.b.d.a.VerificacaoEmailServiceTest  : Started VerificacaoEmailServiceTest in 24.099 seconds (process running for 62.729)
2026-09-12T00:48:45.045Z  WARN 21501 --- [backend_nhac] [           main] o.s.core.events.SpringDocAppInitializer  : SpringDoc /v3/api-docs endpoint is enabled by default. To disable it in production, set the property 'springdoc.api-docs.enabled=false'
2026-09-12T00:48:45.046Z  WARN 21501 --- [backend_nhac] [           main] o.s.core.events.SpringDocAppInitializer  : SpringDoc /swagger-ui.html endpoint is enabled by default. To disable it in production, set the property 'springdoc.swagger-ui.enabled=false'
Hibernate: select u1_0.id,u1_0.ativo,u1_0.cargo,u1_0.email,u1_0.email_verificado,u1_0.fcm_token,u1_0.imagem_url,u1_0.loja_vinculada_id,u1_0.nome,u1_0.papel,u1_0.senha,u1_0.telefone,u1_0.telefone_verificado,e1_0.usuario_id,e1_0.id,e1_0.bairro,e1_0.cep,e1_0.cidade,e1_0.complemento,e1_0.estado,e1_0.is_padrao,e1_0.numero,e1_0.rua from tb_usuarios u1_0 left join tb_enderecos_usuario e1_0 on u1_0.id=e1_0.usuario_id where u1_0.id=?
Hibernate: insert into tb_usuarios (ativo,cargo,email,email_verificado,fcm_token,imagem_url,loja_vinculada_id,nome,papel,senha,telefone,telefone_verificado,id) values (?,?,?,?,?,?,?,?,?,?,?,?,?)
Hibernate: update tb_codigos_verificacao_email cve1_0 set utilizado=true where cve1_0.email=? and cve1_0.utilizado=false
Hibernate: insert into tb_codigos_verificacao_email (codigo,criado_em,data_expiracao,email,tentativas,tipo,utilizado,id) values (?,?,?,?,?,?,?,default)
Hibernate: select u1_0.id,u1_0.ativo,u1_0.cargo,u1_0.email,u1_0.email_verificado,u1_0.fcm_token,u1_0.imagem_url,u1_0.loja_vinculada_id,u1_0.nome,u1_0.papel,u1_0.senha,u1_0.telefone,u1_0.telefone_verificado from tb_usuarios u1_0 where upper(u1_0.email)=upper(?)
=================================================
[CÓDIGO DE E-MAIL GERADO]
Destinatário: transaction_test@nhac.com.br
Código: 219933
=================================================
]]></system-out>
  </testcase>
  <testcase name="testDeadlockEmRequisicoesConcorrentes" classname="br.com.nhac.backend_nhac.domain.auth.VerificacaoEmailServiceTest" time="0.282">
    <system-out><![CDATA[Hibernate: select u1_0.id,u1_0.ativo,u1_0.cargo,u1_0.email,u1_0.email_verificado,u1_0.fcm_token,u1_0.imagem_url,u1_0.loja_vinculada_id,u1_0.nome,u1_0.papel,u1_0.senha,u1_0.telefone,u1_0.telefone_verificado,e1_0.usuario_id,e1_0.id,e1_0.bairro,e1_0.cep,e1_0.cidade,e1_0.complemento,e1_0.estado,e1_0.is_padrao,e1_0.numero,e1_0.rua from tb_usuarios u1_0 left join tb_enderecos_usuario e1_0 on u1_0.id=e1_0.usuario_id where u1_0.id=?
Hibernate: insert into tb_usuarios (ativo,cargo,email,email_verificado,fcm_token,imagem_url,loja_vinculada_id,nome,papel,senha,telefone,telefone_verificado,id) values (?,?,?,?,?,?,?,?,?,?,?,?,?)
Hibernate: update tb_codigos_verificacao_email cve1_0 set utilizado=true where cve1_0.email=? and cve1_0.utilizado=false
Hibernate: insert into tb_codigos_verificacao_email (codigo,criado_em,data_expiracao,email,tentativas,tipo,utilizado,id) values (?,?,?,?,?,?,?,default)
Hibernate: update tb_codigos_verificacao_email cve1_0 set utilizado=true where cve1_0.email=? and cve1_0.utilizado=false
Hibernate: insert into tb_codigos_verificacao_email (codigo,criado_em,data_expiracao,email,tentativas,tipo,utilizado,id) values (?,?,?,?,?,?,?,default)
Hibernate: select cve1_0.id,cve1_0.codigo,cve1_0.criado_em,cve1_0.data_expiracao,cve1_0.email,cve1_0.tentativas,cve1_0.tipo,cve1_0.utilizado from tb_codigos_verificacao_email cve1_0
]]></system-out>
  </testcase>
</testsuite>